-------------------------------------------------------------------------------
Test set: com.julio.librerias.pruebas4.TagsTest
-------------------------------------------------------------------------------
Tests run: 3, Failures: 0, Errors: 0, Skipped: 0, Time elapsed: 0.098 s - in com.julio.librerias.pruebas4.TagsTest
com.julio.librerias.pruebas4.TagsTest.testConcatena  Time elapsed: 0.039 s
com.julio.librerias.pruebas4.TagsTest.testSinEspacios  Time elapsed: 0.005 s
com.julio.librerias.pruebas4.TagsTest.testDuplica  Time elapsed: 0.002 s
