<?xml version="1.0" encoding="UTF-8"?>
<testsuite xmlns:xsi="http://www.w3.org/2001/XMLSchema-instance" xsi:noNamespaceSchemaLocation="https://maven.apache.org/surefire/maven-surefire-plugin/xsd/surefire-test-report-3.0.xsd" version="3.0" name="com.julio.librerias.pruebas4.CalculadoraTest" time="0.542" tests="3" errors="0" skipped="0" failures="0">
  <properties>
[...]
</properties>
  <testcase name="testSumaArreglos" classname="com.julio.librerias.pruebas4.CalculadoraTest" time="0.043">
    <system-out><![CDATA[sumaArreglos
]]></system-out>
  </testcase>
  <testcase name="testSumar" classname="com.julio.librerias.pruebas4.CalculadoraTest" time="0.458">
    <system-out><![CDATA[sumar
]]></system-out>
  </testcase>
  <testcase name="testDividir" classname="com.julio.librerias.pruebas4.CalculadoraTest" time="0.002">
    <system-out><![CDATA[dividir
]]></system-out>
  </testcase>
</testsuite>