<?xml version="1.0" encoding="UTF-8"?>
<testsuite xmlns:xsi="http://www.w3.org/2001/XMLSchema-instance" xsi:noNamespaceSchemaLocation="https://maven.apache.org/surefire/maven-surefire-plugin/xsd/surefire-test-report-3.0.xsd" version="3.0" name="com.julio.librerias.pruebas4.TagsTest_Suite" time="1.145" tests="3" errors="0" skipped="0" failures="0">
  <properties>
[...]
</properties>
  <testcase name="[1] a=1, b=2" classname="test parametrizado" time="0.098">
    <system-err><![CDATA[may 20, 2022 5:54:18 P. M. org.junit.platform.launcher.core.EngineIdValidator validate
WARNING: Third-party TestEngine implementations are forbidden to use the reserved 'junit-' prefix for their ID: 'junit-platform-suite'
]]></system-err>
  </testcase>
  <testcase name="[2] a=2, b=3" classname="test parametrizado" time="0.003"/>
  <testcase name="" classname="JUnit Platform Suite" time="0.001"/>
</testsuite>